<?xml version="1.0" encoding="UTF-8"?>
<testsuite name="EncryptDecryptTest" tests="1" skipped="0" failures="0" errors="0" timestamp="2019-11-12T16:44:56" hostname="LAPTOP-7APGSBS7" time="0.622">
  <properties/>
  <testcase name="start" classname="EncryptDecryptTest" time="0.622"/>
  <system-out><![CDATA[?[1;31m
Start test 1?[0m
Welcome to hyperskill!
?[1;31m
Start test 2?[0m
Hello
?[1;31m
Start test 3?[0m
012345678
?[1;31m
Start test 4?[0m
\jqhtrj%yt%m~ujwxpnqq&
?[1;31m
Start test 5?[0m
Hi
?[1;31m
Start test 6?[0m
222233334444
?[1;31m
Start test 7?[0m
welcome to hyperskill
?[1;31m
Start test 8?[0m
dbokcebo
?[1;31m
Start test 9?[0m
qdvdqvrxqwxrxwpvrxspvxiqgdiqarairpbiqqid
?[1;31m
Start test 10?[0m
i
?[1;31m
Start test 11?[0m
y
]]></system-out>
  <system-err><![CDATA[]]></system-err>
</testsuite>
